<?xml version="1.0" encoding="UTF-8"?>
<!-- Generated by org.testng.reporters.JUnitReportReporter -->
<testsuite hostname="IN-122P5Y2" failures="0" tests="1" name="makemytrip.Makemytrip_homestays_test" time="6.888" errors="0" timestamp="2022-05-01T20:39:00 IST" skipped="0">
  <testcase classname="makemytrip.Makemytrip_homestays_test" name="SearchHomestay" time="6.888"/>
  <system-out>
    <![CDATA[Testcase SearchHomestay started successfully
Testcase SearchHomestay passed successfully]]>
  </system-out>
</testsuite> <!-- makemytrip.Makemytrip_homestays_test -->
