<?xml version="1.0" encoding="UTF-8"?>
<!-- Generated by org.testng.reporters.JUnitReportReporter -->
<testsuite hostname="DESKTOP-493EAAE" failures="0" tests="2" name="testingbaba.Testingbaba_links_test" time="0.000" errors="0" timestamp="2022-04-18T20:18:04 IST" skipped="2">
  <testcase classname="testingbaba.Testingbaba_links_test" name="LinksTestingBaba_test01" time="0.000">
    <skipped/>
  </testcase> <!-- LinksTestingBaba_test01 -->
  <system-out>
    <![CDATA[Testcase LinksTestingBaba_test01 got skipped
Testcase LinksTestingBaba_test02 started successfully]]>
  </system-out>
  <testcase classname="testingbaba.Testingbaba_links_test" name="LinksTestingBaba_test02" time="0.000">
    <skipped/>
  </testcase> <!-- LinksTestingBaba_test02 -->
  <system-out>
    <![CDATA[Testcase LinksTestingBaba_test02 got skipped
Testcase MenuTestingBaba_test01 started successfully]]>
  </system-out>
</testsuite> <!-- testingbaba.Testingbaba_links_test -->
