<?xml version="1.0" encoding="UTF-8"?>
<!-- Generated by org.testng.reporters.JUnitReportReporter -->
<testsuite hostname="DESKTOP-493EAAE" failures="0" tests="1" name="makemytrip.Makemytrip_Flightsearch_test" time="19.538" errors="0" timestamp="2022-04-22T17:45:17 IST" skipped="0">
  <testcase classname="makemytrip.Makemytrip_Flightsearch_test" name="SearchFlightToday" time="19.538"/>
  <system-out>
    <![CDATA[Testcase SearchFlightToday started successfully
Testcase SearchFlightToday passed successfully]]>
  </system-out>
</testsuite> <!-- makemytrip.Makemytrip_Flightsearch_test -->
