<?xml version="1.0" encoding="UTF-8"?>
<!-- Generated by org.testng.reporters.JUnitReportReporter -->
<testsuite hostname="IN-122P5Y2" failures="0" tests="1" name="makemytrip.Makemytrip_Flightsearch_test" time="18.136" errors="0" timestamp="2022-05-01T20:39:00 IST" skipped="0">
  <testcase classname="makemytrip.Makemytrip_Flightsearch_test" name="SearchFlightToday" time="18.136"/>
  <system-out>
    <![CDATA[Testcase SearchFlightToday started successfully
Testcase SearchFlightToday passed successfully]]>
  </system-out>
</testsuite> <!-- makemytrip.Makemytrip_Flightsearch_test -->
