<?xml version="1.0" encoding="UTF-8"?>
<!-- Generated by org.testng.reporters.JUnitReportReporter -->
<testsuite hostname="DESKTOP-493EAAE" failures="0" tests="3" name="testingbaba.Testingbaba_checkbox_test" time="12.488" errors="0" timestamp="2022-04-17T12:36:55 IST" skipped="0">
  <testcase classname="testingbaba.Testingbaba_checkbox_test" name="CheckboxTestingBaba_test01" time="0.061"/>
  <system-out>
    <![CDATA[Testcase CheckboxTestingBaba_test01 started successfully
Testcase CheckboxTestingBaba_test01 passed successfully]]>
  </system-out>
  <testcase classname="testingbaba.Testingbaba_checkbox_test" name="CheckboxTestingBaba_test02" time="4.118"/>
  <system-out>
    <![CDATA[Testcase CheckboxTestingBaba_test02 started successfully
Testcase CheckboxTestingBaba_test02 passed successfully]]>
  </system-out>
  <testcase classname="testingbaba.Testingbaba_checkbox_test" name="CheckboxTestingBaba_test03" time="8.309"/>
  <system-out>
    <![CDATA[Testcase CheckboxTestingBaba_test03 started successfully
Testcase CheckboxTestingBaba_test03 passed successfully]]>
  </system-out>
</testsuite> <!-- testingbaba.Testingbaba_checkbox_test -->
