<?xml version="1.0" encoding="UTF-8"?>
<!-- Generated by org.testng.reporters.JUnitReportReporter -->
<testsuite hostname="DESKTOP-493EAAE" failures="0" tests="1" name="makemytrip.Makemytrip_Flightsearch_test" time="19.059" errors="0" timestamp="2022-04-23T18:19:39 IST" skipped="0">
  <testcase classname="makemytrip.Makemytrip_Flightsearch_test" name="SearchFlightToday" time="19.059"/>
  <system-out>
    <![CDATA[Testcase SearchFlightToday started successfully
Testcase SearchFlightToday passed successfully]]>
  </system-out>
</testsuite> <!-- makemytrip.Makemytrip_Flightsearch_test -->
