<?xml version="1.0" encoding="UTF-8"?>
<!-- Generated by org.testng.reporters.JUnitReportReporter -->
<testsuite hostname="DESKTOP-493EAAE" failures="0" tests="3" name="testingbaba.Testingbaba_buttons_test" time="0.000" errors="0" timestamp="2022-04-18T20:18:04 IST" skipped="3">
  <testcase classname="testingbaba.Testingbaba_buttons_test" name="ButtonsTestingBaba_test01" time="0.000">
    <skipped/>
  </testcase> <!-- ButtonsTestingBaba_test01 -->
  <system-out>
    <![CDATA[Testcase ButtonsTestingBaba_test01 got skipped
Testcase ButtonsTestingBaba_test02 started successfully]]>
  </system-out>
  <testcase classname="testingbaba.Testingbaba_buttons_test" name="ButtonsTestingBaba_test02" time="0.000">
    <skipped/>
  </testcase> <!-- ButtonsTestingBaba_test02 -->
  <system-out>
    <![CDATA[Testcase ButtonsTestingBaba_test02 got skipped
Testcase ButtonsTestingBaba_test03 started successfully]]>
  </system-out>
  <testcase classname="testingbaba.Testingbaba_buttons_test" name="ButtonsTestingBaba_test03" time="0.000">
    <skipped/>
  </testcase> <!-- ButtonsTestingBaba_test03 -->
  <system-out>
    <![CDATA[Testcase ButtonsTestingBaba_test03 got skipped
Testcase CheckboxTestingBaba_test01 started successfully]]>
  </system-out>
</testsuite> <!-- testingbaba.Testingbaba_buttons_test -->
