<?xml version="1.0" encoding="UTF-8"?>
<!-- Generated by org.testng.reporters.JUnitReportReporter -->
<testsuite hostname="DESKTOP-493EAAE" failures="0" tests="1" name="makemytrip.Makemytrip_TrainBook_test" time="9.961" errors="0" timestamp="2022-04-22T17:38:11 IST" skipped="0">
  <testcase classname="makemytrip.Makemytrip_TrainBook_test" name="BookTrainTicket_Test01" time="9.961"/>
  <system-out>
    <![CDATA[Testcase BookTrainTicket_Test01 started successfully
Testcase BookTrainTicket_Test01 passed successfully]]>
  </system-out>
</testsuite> <!-- makemytrip.Makemytrip_TrainBook_test -->
