<?xml version="1.0" encoding="UTF-8"?>
<!-- Generated by org.testng.reporters.JUnitReportReporter -->
<testsuite hostname="DESKTOP-493EAAE" failures="0" tests="1" name="jenkins.Jenkins_launch_test" time="7.698" errors="0" timestamp="2022-04-18T09:53:04 IST" skipped="0">
  <testcase classname="jenkins.Jenkins_launch_test" name="LaunchTestingBaba_test01" time="7.698"/>
  <system-out>
    <![CDATA[Testcase LaunchTestingBaba_test01 started successfully
Testcase LaunchTestingBaba_test01 passed successfully]]>
  </system-out>
</testsuite> <!-- jenkins.Jenkins_launch_test -->
