<?xml version="1.0" encoding="UTF-8"?>
<!-- Generated by org.testng.reporters.JUnitReportReporter -->
<testsuite hostname="DESKTOP-493EAAE" failures="0" tests="4" name="testingbaba.Testingbaba_textbox_test" time="0.000" errors="0" timestamp="2022-04-18T20:18:04 IST" skipped="4">
  <testcase classname="testingbaba.Testingbaba_textbox_test" name="TextboxTestingBaba_test01" time="0.000">
    <skipped/>
  </testcase> <!-- TextboxTestingBaba_test01 -->
  <system-out>
    <![CDATA[Testcase TextboxTestingBaba_test01 got skipped
Testcase TextboxTestingBaba_test02 started successfully]]>
  </system-out>
  <testcase classname="testingbaba.Testingbaba_textbox_test" name="TextboxTestingBaba_test02" time="0.000">
    <skipped/>
  </testcase> <!-- TextboxTestingBaba_test02 -->
  <system-out>
    <![CDATA[Testcase TextboxTestingBaba_test02 got skipped
Testcase TextboxTestingBaba_test03 started successfully]]>
  </system-out>
  <testcase classname="testingbaba.Testingbaba_textbox_test" name="TextboxTestingBaba_test03" time="0.000">
    <skipped/>
  </testcase> <!-- TextboxTestingBaba_test03 -->
  <system-out>
    <![CDATA[Testcase TextboxTestingBaba_test03 got skipped
Testcase TextboxTestingBaba_test04 started successfully]]>
  </system-out>
  <testcase classname="testingbaba.Testingbaba_textbox_test" name="TextboxTestingBaba_test04" time="0.000">
    <skipped/>
  </testcase> <!-- TextboxTestingBaba_test04 -->
  <system-out>
    <![CDATA[Testcase TextboxTestingBaba_test04 got skipped
Testcase UploadFileTestingBaba_test01 started successfully]]>
  </system-out>
</testsuite> <!-- testingbaba.Testingbaba_textbox_test -->
