<?xml version="1.0" encoding="UTF-8"?>
<!-- Generated by org.testng.reporters.JUnitReportReporter -->
<testsuite hostname="DESKTOP-493EAAE" failures="0" tests="1" name="makemytrip.Makemytrip_homestays_test" time="5.544" errors="0" timestamp="2022-04-22T08:35:39 IST" skipped="0">
  <testcase classname="makemytrip.Makemytrip_homestays_test" name="SearchHomestay" time="5.544"/>
  <system-out>
    <![CDATA[Testcase SearchHomestay started successfully
Testcase SearchHomestay passed successfully]]>
  </system-out>
</testsuite> <!-- makemytrip.Makemytrip_homestays_test -->
