<?xml version="1.0" encoding="UTF-8"?>
<!-- Generated by org.testng.reporters.JUnitReportReporter -->
<testsuite hostname="DESKTOP-493EAAE" failures="0" tests="1" name="makemytrip.Makemytrip_hotel_test" time="6.962" errors="0" timestamp="2022-04-23T09:43:44 IST" skipped="0">
  <testcase classname="makemytrip.Makemytrip_hotel_test" name="SearchHomestay" time="6.962"/>
  <system-out>
    <![CDATA[Testcase SearchHomestay started successfully
Testcase SearchHomestay passed successfully]]>
  </system-out>
</testsuite> <!-- makemytrip.Makemytrip_hotel_test -->
