<?xml version="1.0" encoding="UTF-8"?>
<!-- Generated by org.testng.reporters.JUnitReportReporter -->
<testsuite hostname="DESKTOP-493EAAE" failures="0" tests="1" name="testingbaba.Testingbaba_webtables_test" time="0.000" errors="0" timestamp="2022-04-18T20:18:04 IST" skipped="1">
  <testcase classname="testingbaba.Testingbaba_webtables_test" name="WebTablesTestingBaba_test01" time="0.000">
    <skipped/>
  </testcase> <!-- WebTablesTestingBaba_test01 -->
  <system-out>
    <![CDATA[Testcase WebTablesTestingBaba_test01 got skipped
About to end executing Class Testingbaba]]>
  </system-out>
</testsuite> <!-- testingbaba.Testingbaba_webtables_test -->
